#
# There is insufficient memory for the Java Runtime Environment to continue.
# Native memory allocation (mmap) failed to map 266338304 bytes for G1 virtual space
# Possible reasons:
#   The system is out of physical RAM or swap space
#   The process is running with CompressedOops enabled, and the Java Heap may be blocking the growth of the native heap
# Possible solutions:
#   Reduce memory load on the system
#   Increase physical memory or swap space
#   Check if swap backing store is full
#   Decrease Java heap size (-Xmx/-Xms)
#   Decrease number of Java threads
#   Decrease Java thread stack sizes (-Xss)
#   Set larger code cache with -XX:ReservedCodeCacheSize=
#   JVM is running with Zero Based Compressed Oops mode in which the Java heap is
#     placed in the first 32GB address space. The Java Heap base address is the
#     maximum limit for the native heap growth. Please use -XX:HeapBaseMinAddress
#     to set the Java Heap base and to place the Java Heap above 32GB virtual address.
# This output file may be truncated or incomplete.
#
#  Out of Memory Error (os_windows.cpp:3600), pid=19364, tid=21304
#
# JRE version:  (21.0.2+13) (build )
# Java VM: Java HotSpot(TM) 64-Bit Server VM (21.0.2+13-LTS-58, mixed mode, sharing, tiered, compressed oops, compressed class ptrs, g1 gc, windows-amd64)
# No core dump will be written. Minidumps are not enabled by default on client versions of Windows
#

---------------  S U M M A R Y ------------

Command Line: LabTwo

Host: Intel(R) Core(TM) i7-8750H CPU @ 2.20GHz, 12 cores, 15G,  Windows 11 , 64 bit Build 22621 (10.0.22621.3235)
Time: Thu Mar  7 14:16:21 2024 Egypt Standard Time elapsed time: 0.011955 seconds (0d 0h 0m 0s)

---------------  T H R E A D  ---------------

Current thread (0x0000023643095870):  JavaThread "Unknown thread" [_thread_in_vm, id=21304, stack(0x000000e5b8f00000,0x000000e5b9000000) (1024K)]

Stack: [0x000000e5b8f00000,0x000000e5b9000000]
Native frames: (J=compiled Java code, j=interpreted, Vv=VM code, C=native code)
V  [jvm.dll+0x6cade9]
V  [jvm.dll+0x8569c1]
V  [jvm.dll+0x858d2e]
V  [jvm.dll+0x859413]
V  [jvm.dll+0x280e56]
V  [jvm.dll+0x6c74d5]
V  [jvm.dll+0x6bbeca]
V  [jvm.dll+0x355bca]
V  [jvm.dll+0x35d816]
V  [jvm.dll+0x3ae67e]
V  [jvm.dll+0x3ae928]
V  [jvm.dll+0x3295dc]
V  [jvm.dll+0x32a16b]
V  [jvm.dll+0x81efa9]
V  [jvm.dll+0x3bba01]
V  [jvm.dll+0x807928]
V  [jvm.dll+0x44f50e]
V  [jvm.dll+0x450e11]
C  [jli.dll+0x52a3]
C  [ucrtbase.dll+0x29363]
C  [KERNEL32.DLL+0x1257d]
C  [ntdll.dll+0x5aa58]


---------------  P R O C E S S  ---------------

Threads class SMR info:
_java_thread_list=0x00007ffb4c31bb88, length=0, elements={
}

Java Threads: ( => current thread )
Total: 0

Other Threads:
  0x00000236430f9940 WorkerThread "GC Thread#0"                     [id=18120, stack(0x000000e5b9000000,0x000000e5b9100000) (1024K)]
  0x000002364310a760 ConcurrentGCThread "G1 Main Marker"            [id=21456, stack(0x000000e5b9100000,0x000000e5b9200000) (1024K)]
  0x000002364310b260 WorkerThread "G1 Conc#0"                       [id=19840, stack(0x000000e5b9200000,0x000000e5b9300000) (1024K)]

[error occurred during error reporting (printing all threads), id 0xc0000005, EXCEPTION_ACCESS_VIOLATION (0xc0000005) at pc=0x00007ffb4ba8c6a7]
VM state: not at safepoint (not fully initialized)

VM Mutex/Monitor currently owned by a thread:  ([mutex/lock_event])
[0x00007ffb4c38ce68] Heap_lock - owner thread: 0x0000023643095870

Heap address: 0x0000000703600000, size: 4042 MB, Compressed Oops mode: Zero based, Oop shift amount: 3

CDS archive(s) mapped at: [0x0000000000000000-0x0000000000000000-0x0000000000000000), size 0, SharedBaseAddress: 0x0000000800000000, ArchiveRelocationMode: 1.
Narrow klass base: 0x0000000000000000, Narrow klass shift: 0, Narrow klass range: 0x0

GC Precious Log:
 CardTable entry size: 512
 Card Set container configuration: InlinePtr #cards 4 size 8 Array Of Cards #cards 16 size 48 Howl #buckets 8 coarsen threshold 3686 Howl Bitmap #cards 512 size 80 coarsen threshold 460 Card regions per heap region 1 cards per card region 4096

Heap:
 garbage-first heap   total 0K, used 0K [0x0000000703600000, 0x0000000800000000)
  region size 2048K, 0 young (0K), 0 survivors (0K)

[error occurred during error reporting (printing heap information), id 0xc0000005, EXCEPTION_ACCESS_VIOLATION (0xc0000005) at pc=0x00007ffb4be739f9]
GC Heap History (0 events):
No events

Dll operation events (1 events):
Event: 0.006 Loaded shared library C:\Program Files\Java\jdk-21\bin\java.dll

Deoptimization events (0 events):
No events

Classes loaded (0 events):
No events

Classes unloaded (0 events):
No events

Classes redefined (0 events):
No events

Internal exceptions (0 events):
No events

ZGC Phase Switch (0 events):
No events

VM Operations (0 events):
No events

Events (0 events):
No events


Dynamic libraries:
0x00007ff7f6350000 - 0x00007ff7f6360000 	C:\Program Files\Java\jdk-21\bin\java.exe
0x00007ffbc9c10000 - 0x00007ffbc9e26000 	C:\WINDOWS\SYSTEM32\ntdll.dll
0x00007ffbc8c80000 - 0x00007ffbc8d44000 	C:\WINDOWS\System32\KERNEL32.DLL
0x00007ffbc6f50000 - 0x00007ffbc72f6000 	C:\WINDOWS\System32\KERNELBASE.dll
0x00007ffbc75e0000 - 0x00007ffbc76f1000 	C:\WINDOWS\System32\ucrtbase.dll
0x00007ffb9b920000 - 0x00007ffb9b939000 	C:\Program Files\Java\jdk-21\bin\jli.dll
0x00007ffb8edd0000 - 0x00007ffb8edeb000 	C:\Program Files\Java\jdk-21\bin\VCRUNTIME140.dll
0x00007ffbc9b10000 - 0x00007ffbc9bc2000 	C:\WINDOWS\System32\ADVAPI32.dll
0x00007ffbc91b0000 - 0x00007ffbc9257000 	C:\WINDOWS\System32\msvcrt.dll
0x00007ffbc8f10000 - 0x00007ffbc8fb8000 	C:\WINDOWS\System32\sechost.dll
0x00007ffbc7930000 - 0x00007ffbc7958000 	C:\WINDOWS\System32\bcrypt.dll
0x00007ffbc7e90000 - 0x00007ffbc7fa5000 	C:\WINDOWS\System32\RPCRT4.dll
0x00007ffbc8d60000 - 0x00007ffbc8f0d000 	C:\WINDOWS\System32\USER32.dll
0x00007ffbc7300000 - 0x00007ffbc7326000 	C:\WINDOWS\System32\win32u.dll
0x00007ffbc9840000 - 0x00007ffbc9869000 	C:\WINDOWS\System32\GDI32.dll
0x00007ffba66d0000 - 0x00007ffba6963000 	C:\WINDOWS\WinSxS\amd64_microsoft.windows.common-controls_6595b64144ccf1df_6.0.22621.3235_none_270f74e173860f98\COMCTL32.dll
0x00007ffbc74c0000 - 0x00007ffbc75d8000 	C:\WINDOWS\System32\gdi32full.dll
0x00007ffbc7420000 - 0x00007ffbc74ba000 	C:\WINDOWS\System32\msvcp_win.dll
0x00007ffbc0c10000 - 0x00007ffbc0c1a000 	C:\WINDOWS\SYSTEM32\VERSION.dll
0x00007ffbc7fb0000 - 0x00007ffbc7fe1000 	C:\WINDOWS\System32\IMM32.DLL
0x00007ffbc1610000 - 0x00007ffbc161c000 	C:\Program Files\Java\jdk-21\bin\vcruntime140_1.dll
0x00007ffb84e60000 - 0x00007ffb84eee000 	C:\Program Files\Java\jdk-21\bin\msvcp140.dll
0x00007ffb4b750000 - 0x00007ffb4c467000 	C:\Program Files\Java\jdk-21\bin\server\jvm.dll
0x00007ffbc8340000 - 0x00007ffbc83b1000 	C:\WINDOWS\System32\WS2_32.dll
0x00007ffbc5da0000 - 0x00007ffbc5ded000 	C:\WINDOWS\SYSTEM32\POWRPROF.dll
0x00007ffbc3d50000 - 0x00007ffbc3d84000 	C:\WINDOWS\SYSTEM32\WINMM.dll
0x00007ffbc5d80000 - 0x00007ffbc5d93000 	C:\WINDOWS\SYSTEM32\UMPDC.dll
0x00007ffbc6040000 - 0x00007ffbc6058000 	C:\WINDOWS\SYSTEM32\kernel.appcore.dll
0x00007ffbbfd60000 - 0x00007ffbbfd6a000 	C:\Program Files\Java\jdk-21\bin\jimage.dll
0x00007ffbc41f0000 - 0x00007ffbc4423000 	C:\WINDOWS\SYSTEM32\DBGHELP.DLL
0x00007ffbc92f0000 - 0x00007ffbc9678000 	C:\WINDOWS\System32\combase.dll
0x00007ffbc9a30000 - 0x00007ffbc9b07000 	C:\WINDOWS\System32\OLEAUT32.dll
0x00007ffbb2380000 - 0x00007ffbb23b2000 	C:\WINDOWS\SYSTEM32\dbgcore.DLL
0x00007ffbc7330000 - 0x00007ffbc73aa000 	C:\WINDOWS\System32\bcryptPrimitives.dll
0x00007ffb8edb0000 - 0x00007ffb8edcf000 	C:\Program Files\Java\jdk-21\bin\java.dll

dbghelp: loaded successfully - version: 4.0.5 - missing functions: none
symbol engine: initialized successfully - sym options: 0x614 - pdb path: .;C:\Program Files\Java\jdk-21\bin;C:\WINDOWS\SYSTEM32;C:\WINDOWS\WinSxS\amd64_microsoft.windows.common-controls_6595b64144ccf1df_6.0.22621.3235_none_270f74e173860f98;C:\Program Files\Java\jdk-21\bin\server

VM Arguments:
java_command: LabTwo
java_class_path (initial): .
Launcher Type: SUN_STANDARD

[Global flags]
     intx CICompilerCount                          = 4                                         {product} {ergonomic}
     uint ConcGCThreads                            = 3                                         {product} {ergonomic}
     uint G1ConcRefinementThreads                  = 10                                        {product} {ergonomic}
   size_t G1HeapRegionSize                         = 2097152                                   {product} {ergonomic}
    uintx GCDrainStackTargetSize                   = 64                                        {product} {ergonomic}
   size_t InitialHeapSize                          = 266338304                                 {product} {ergonomic}
   size_t MarkStackSize                            = 4194304                                   {product} {ergonomic}
   size_t MaxHeapSize                              = 4238344192                                {product} {ergonomic}
   size_t MinHeapDeltaBytes                        = 2097152                                   {product} {ergonomic}
   size_t MinHeapSize                              = 8388608                                   {product} {ergonomic}
    uintx NonNMethodCodeHeapSize                   = 5839372                                {pd product} {ergonomic}
    uintx NonProfiledCodeHeapSize                  = 122909434                              {pd product} {ergonomic}
    uintx ProfiledCodeHeapSize                     = 122909434                              {pd product} {ergonomic}
    uintx ReservedCodeCacheSize                    = 251658240                              {pd product} {ergonomic}
     bool SegmentedCodeCache                       = true                                      {product} {ergonomic}
   size_t SoftMaxHeapSize                          = 4238344192                             {manageable} {ergonomic}
     bool UseCompressedOops                        = true                           {product lp64_product} {ergonomic}
     bool UseG1GC                                  = true                                      {product} {ergonomic}
     bool UseLargePagesIndividualAllocation        = false                                  {pd product} {ergonomic}

Logging:
Log output configuration:
 #0: stdout all=warning uptime,level,tags foldmultilines=false
 #1: stderr all=off uptime,level,tags foldmultilines=false

Environment Variables:
PATH=C:\Users\Inspiron_5587G5\bin;C:\Program Files\Git\mingw64\bin;C:\Program Files\Git\usr\local\bin;C:\Program Files\Git\usr\bin;C:\Program Files\Git\usr\bin;C:\Program Files\Git\mingw64\bin;C:\Program Files\Git\usr\bin;C:\Users\Inspiron_5587G5\bin;C:\xampp\mysql\bin;C:\Python39\Scripts;C:\Python39;C:\Program Files\Common Files\Oracle\Java\javapath;C:\Windows\system32;C:\Windows;C:\Windows\System32\Wbem;C:\Windows\System32\WindowsPowerShell\v1.0;C:\Windows\System32\OpenSSH;C:\Program Files (x86)\NVIDIA Corporation\PhysX\Common;C:\Program Files\NVIDIA Corporation\NVIDIA NvDLISR;C:\Program Files\dotnet;C:\ProgramData\chocolatey\bin;C:\xampp\php;C:\composer;C:\Program Files (x86)\Yarn\bin;C:\WINDOWS\system32;C:\WINDOWS;C:\WINDOWS\System32\Wbem;C:\WINDOWS\System32\WindowsPowerShell\v1.0;C:\WINDOWS\System32\OpenSSH;C:\Program Files\Redis;C:\Program Files\Microsoft SQL Server\Client SDK\ODBC\170\Tools\Binn;C:\Program Files (x86)\Microsoft SQL Server\150\Tools\Binn;C:\Program Files\Microsoft SQL Server\150\Tools\Binn;C:\Program Files\Microsoft SQL Server\150\DTS\Binn;C:\Program Files\Azure Data Studio\bin;C:\Program Files\Microsoft SQL Server\130\Tools\Binn;C:\Program Files\Git\cmd;C:\Program Files (x86)\dotnet;C:\Program Files\PuTTY;C:\instantclient_21_7;C:\Program Files\nodejs;C:\Program Files\Docker\Docker\resources\bin;C:\Program Files\MongoDB\bin;C:\Program Files\Java\jdk-21\bin;%SystemRoot%\system32;%SystemRoot%;%SystemRoot%\System32\Wbem;%SYSTEMROOT%\System32\WindowsPowerShell\v1.0;%SYSTEMROOT%\System32\OpenSSH;C:\Users\Inspiron_5587G5\AppData\Local\Programs\Python\Python310\Scripts;C:\Users\Inspiron_5587G5\AppData\Local\Programs\Python\Python310;C:\Users\Inspiron_5587G5\AppData\Roaming\ActiveState\bin;C:\Program Files (x86)\ActiveState Komodo IDE 12;C:\Windows\system32;C:\Windows;C:\Windows\System32\Wbem;C:\Windows\System32\WindowsPowerShell\v1.0;C:\Windows\System32\OpenSSH;C:\Program Files (x86)\NVIDIA Corporation\PhysX\Common;C:\Program Files\NVIDIA Corporation\NVIDIA NvDLISR;C:\Users\Inspiron_5587G5\AppData\Local\Programs\Microsoft VS Code\bin;C:\Users\Inspiron_5587G5\AppData\Roaming\Composer\vendor\bin;C:\Users\Inspiron_5587G5\AppData\Local\Yarn\bin;C:\Users\Inspiron_5587G5\AppData\Local\Microsoft\WindowsApps;C:\Users\Inspiron_5587G5\.dotnet\tools;C:\Program Files\Azure Data Studio\bin;C:\Users\Inspiron_5587G5\AppData\Roaming\npm;C:\Users\Inspiron_5587G5\AppData\Local\Programs\mongosh;C:\Program Files\Git\usr\bin\vendor_perl;C:\Program Files\Git\usr\bin\core_perl
USERNAME=Inspiron_5587G5
SHELL=C:\Program Files\Git\usr\bin\bash.exe
DISPLAY=needs-to-be-defined
LANG=en_US.UTF-8
LC_CTYPE=en_US.UTF-8
TERM=xterm
TMPDIR=C:\Users\INSPIR~1\AppData\Local\Temp
OS=Windows_NT
PROCESSOR_IDENTIFIER=Intel64 Family 6 Model 158 Stepping 10, GenuineIntel
TMP=C:\Users\INSPIR~1\AppData\Local\Temp
TEMP=C:\Users\INSPIR~1\AppData\Local\Temp




Periodic native trim disabled

---------------  S Y S T E M  ---------------

OS:
 Windows 11 , 64 bit Build 22621 (10.0.22621.3235)
OS uptime: 0 days 12:58 hours
Hyper-V role detected

CPU: total 12 (initial active 12) (6 cores per cpu, 2 threads per core) family 6 model 158 stepping 10 microcode 0xde, cx8, cmov, fxsr, ht, mmx, 3dnowpref, sse, sse2, sse3, ssse3, sse4.1, sse4.2, popcnt, lzcnt, tsc, tscinvbit, avx, avx2, aes, erms, clmul, bmi1, bmi2, adx, fma, vzeroupper, clflush, clflushopt, hv, rdtscp, f16c
Processor Information for all 12 processors :
  Max Mhz: 2208, Current Mhz: 2208, Mhz Limit: 2208

Memory: 4k page, system-wide physical 16163M (5471M free)
TotalPageFile size 16163M (AvailPageFile size 74M)
current process WorkingSet (physical memory assigned to process): 11M, peak: 11M
current process commit charge ("private bytes"): 64M, peak: 318M

vm_info: Java HotSpot(TM) 64-Bit Server VM (21.0.2+13-LTS-58) for windows-amd64 JRE (21.0.2+13-LTS-58), built on 2024-01-05T18:32:24Z by "mach5one" with MS VC++ 17.1 (VS2022)

END.
