#
# There is insufficient memory for the Java Runtime Environment to continue.
# Native memory allocation (malloc) failed to allocate 235216 bytes for Chunk::new
# Possible reasons:
#   The system is out of physical RAM or swap space
#   The process is running with CompressedOops enabled, and the Java Heap may be blocking the growth of the native heap
# Possible solutions:
#   Reduce memory load on the system
#   Increase physical memory or swap space
#   Check if swap backing store is full
#   Decrease Java heap size (-Xmx/-Xms)
#   Decrease number of Java threads
#   Decrease Java thread stack sizes (-Xss)
#   Set larger code cache with -XX:ReservedCodeCacheSize=
#   JVM is running with Unscaled Compressed Oops mode in which the Java heap is
#     placed in the first 4GB address space. The Java Heap base address is the
#     maximum limit for the native heap growth. Please use -XX:HeapBaseMinAddress
#     to set the Java Heap base and to place the Java Heap above 4GB virtual address.
# This output file may be truncated or incomplete.
#
#  Out of Memory Error (arena.cpp:191), pid=17796, tid=4068
#
# JRE version: OpenJDK Runtime Environment Temurin-17.0.10+7 (17.0.10+7) (build 17.0.10+7)
# Java VM: OpenJDK 64-Bit Server VM Temurin-17.0.10+7 (17.0.10+7, mixed mode, tiered, compressed oops, compressed class ptrs, parallel gc, windows-amd64)
# No core dump will be written. Minidumps are not enabled by default on client versions of Windows
#

---------------  S U M M A R Y ------------

Command Line: --add-modules=ALL-SYSTEM --add-opens=java.base/java.util=ALL-UNNAMED --add-opens=java.base/java.lang=ALL-UNNAMED --add-opens=java.base/sun.nio.fs=ALL-UNNAMED -Declipse.application=org.eclipse.jdt.ls.core.id1 -Dosgi.bundles.defaultStartLevel=4 -Declipse.product=org.eclipse.jdt.ls.core.product -Djava.import.generatesMetadataFilesAtProjectRoot=false -DDetectVMInstallationsJob.disabled=true -Dfile.encoding=utf8 -XX:+UseParallelGC -XX:GCTimeRatio=4 -XX:AdaptiveSizePolicyWeight=90 -Dsun.zip.disableMemoryMapping=true -Xmx1G -Xms100m -Xlog:disable -javaagent:c:\Users\Inspiron_5587G5\.vscode\extensions\redhat.java-1.28.1-win32-x64\lombok\lombok-1.18.31.jar -XX:+HeapDumpOnOutOfMemoryError -XX:HeapDumpPath=c:\Users\Inspiron_5587G5\AppData\Roaming\Code\User\workspaceStorage\53fd7584042261799ea9d51c0a76b66c\redhat.java -Daether.dependencyCollector.impl=bf c:\Users\Inspiron_5587G5\.vscode\extensions\redhat.java-1.28.1-win32-x64\server\plugins\org.eclipse.equinox.launcher_1.6.700.v20231214-2017.jar -configuration c:\Users\Inspiron_5587G5\AppData\Roaming\Code\User\globalStorage\redhat.java\1.28.1\config_win -data c:\Users\Inspiron_5587G5\AppData\Roaming\Code\User\workspaceStorage\53fd7584042261799ea9d51c0a76b66c\redhat.java\jdt_ws --stdio

Host: Intel(R) Core(TM) i7-8750H CPU @ 2.20GHz, 12 cores, 15G,  Windows 11 , 64 bit Build 22621 (10.0.22621.3235)
Time: Thu Mar  7 13:53:21 2024 Egypt Standard Time elapsed time: 35.790709 seconds (0d 0h 0m 35s)

---------------  T H R E A D  ---------------

Current thread (0x000001b2ede3cad0):  JavaThread "C2 CompilerThread2" daemon [_thread_in_native, id=4068, stack(0x0000003c3ee00000,0x0000003c3ef00000)]


Current CompileTask:
C2:  35790 8802       4       java.util.TimSort::sort (229 bytes)

Stack: [0x0000003c3ee00000,0x0000003c3ef00000]
Native frames: (J=compiled Java code, j=interpreted, Vv=VM code, C=native code)
V  [jvm.dll+0x67d2c9]
V  [jvm.dll+0x834afa]
V  [jvm.dll+0x8365be]
V  [jvm.dll+0x836c23]
V  [jvm.dll+0x2477ff]
V  [jvm.dll+0xac514]
V  [jvm.dll+0xacb5c]
V  [jvm.dll+0x2aed1f]
V  [jvm.dll+0x584b67]
V  [jvm.dll+0x2228a2]
V  [jvm.dll+0x21b942]
V  [jvm.dll+0x219201]
V  [jvm.dll+0x1a502d]
V  [jvm.dll+0x2290de]
V  [jvm.dll+0x2272ac]
V  [jvm.dll+0x7e9bb7]
V  [jvm.dll+0x7e3fba]
V  [jvm.dll+0x67c1b5]
C  [ucrtbase.dll+0x29363]
C  [KERNEL32.DLL+0x1257d]
C  [ntdll.dll+0x5aa58]


---------------  P R O C E S S  ---------------

Threads class SMR info:
_java_thread_list=0x000001b2ef4e3670, length=41, elements={
0x000001b2d0399120, 0x000001b2e92b7020, 0x000001b2e92b8290, 0x000001b2e42105e0,
0x000001b2e4210eb0, 0x000001b2e4211f20, 0x000001b2e4213030, 0x000001b2e92df230,
0x000001b2e92e02e0, 0x000001b2e92e13d0, 0x000001b2e939aaf0, 0x000001b2e961e840,
0x000001b2eb184000, 0x000001b2eb40a5a0, 0x000001b2eb137ec0, 0x000001b2eb9439b0,
0x000001b2eb9f1e90, 0x000001b2eb62aec0, 0x000001b2eb629060, 0x000001b2eb629570,
0x000001b2eb62b8e0, 0x000001b2eb629a80, 0x000001b2eb62c300, 0x000001b2eb62a4a0,
0x000001b2eb629f90, 0x000001b2ed30dec0, 0x000001b2ed3134d0, 0x000001b2ed311160,
0x000001b2ed30f810, 0x000001b2ed30d9b0, 0x000001b2ed30e8e0, 0x000001b2ed30ca80,
0x000001b2ed30e3d0, 0x000001b2ed310230, 0x000001b2ed30edf0, 0x000001b2ed312ab0,
0x000001b2ed30c570, 0x000001b2ed312fc0, 0x000001b2ed30fd20, 0x000001b2ef5ab700,
0x000001b2ede3cad0
}

Java Threads: ( => current thread )
  0x000001b2d0399120 JavaThread "main" [_thread_blocked, id=17468, stack(0x0000003c3b800000,0x0000003c3b900000)]
  0x000001b2e92b7020 JavaThread "Reference Handler" daemon [_thread_blocked, id=20712, stack(0x0000003c3bb00000,0x0000003c3bc00000)]
  0x000001b2e92b8290 JavaThread "Finalizer" daemon [_thread_blocked, id=18204, stack(0x0000003c3bc00000,0x0000003c3bd00000)]
  0x000001b2e42105e0 JavaThread "Signal Dispatcher" daemon [_thread_blocked, id=19032, stack(0x0000003c3bd00000,0x0000003c3be00000)]
  0x000001b2e4210eb0 JavaThread "Attach Listener" daemon [_thread_blocked, id=5924, stack(0x0000003c3be00000,0x0000003c3bf00000)]
  0x000001b2e4211f20 JavaThread "Service Thread" daemon [_thread_blocked, id=18416, stack(0x0000003c3bf00000,0x0000003c3c000000)]
  0x000001b2e4213030 JavaThread "Monitor Deflation Thread" daemon [_thread_blocked, id=4572, stack(0x0000003c3c000000,0x0000003c3c100000)]
  0x000001b2e92df230 JavaThread "C2 CompilerThread0" daemon [_thread_in_native, id=15572, stack(0x0000003c3c100000,0x0000003c3c200000)]
  0x000001b2e92e02e0 JavaThread "C1 CompilerThread0" daemon [_thread_in_native, id=19700, stack(0x0000003c3c200000,0x0000003c3c300000)]
  0x000001b2e92e13d0 JavaThread "Sweeper thread" daemon [_thread_blocked, id=7728, stack(0x0000003c3c300000,0x0000003c3c400000)]
  0x000001b2e939aaf0 JavaThread "Common-Cleaner" daemon [_thread_blocked, id=5116, stack(0x0000003c3c400000,0x0000003c3c500000)]
  0x000001b2e961e840 JavaThread "Notification Thread" daemon [_thread_blocked, id=19932, stack(0x0000003c3c600000,0x0000003c3c700000)]
  0x000001b2eb184000 JavaThread "Active Thread: Equinox Container: 89b026b4-d0b6-4993-a9ce-98af08a0e2c8" [_thread_in_Java, id=22264, stack(0x0000003c3cf00000,0x0000003c3d000000)]
  0x000001b2eb40a5a0 JavaThread "Framework Event Dispatcher: Equinox Container: 89b026b4-d0b6-4993-a9ce-98af08a0e2c8" daemon [_thread_blocked, id=21340, stack(0x0000003c3d000000,0x0000003c3d100000)]
  0x000001b2eb137ec0 JavaThread "Start Level: Equinox Container: 89b026b4-d0b6-4993-a9ce-98af08a0e2c8" daemon [_thread_blocked, id=8400, stack(0x0000003c3d100000,0x0000003c3d200000)]
  0x000001b2eb9439b0 JavaThread "Bundle File Closer" daemon [_thread_blocked, id=2956, stack(0x0000003c3d300000,0x0000003c3d400000)]
  0x000001b2eb9f1e90 JavaThread "SCR Component Actor" daemon [_thread_blocked, id=18324, stack(0x0000003c3d400000,0x0000003c3d500000)]
  0x000001b2eb62aec0 JavaThread "Worker-JM" [_thread_blocked, id=4756, stack(0x0000003c3c500000,0x0000003c3c600000)]
  0x000001b2eb629060 JavaThread "Worker-0" [_thread_blocked, id=4620, stack(0x0000003c3c800000,0x0000003c3c900000)]
  0x000001b2eb629570 JavaThread "Worker-1" [_thread_blocked, id=14796, stack(0x0000003c3d800000,0x0000003c3d900000)]
  0x000001b2eb62b8e0 JavaThread "Worker-2" [_thread_blocked, id=21232, stack(0x0000003c3d900000,0x0000003c3da00000)]
  0x000001b2eb629a80 JavaThread "Java indexing" daemon [_thread_in_Java, id=4852, stack(0x0000003c3db00000,0x0000003c3dc00000)]
  0x000001b2eb62c300 JavaThread "JNA Cleaner" daemon [_thread_blocked, id=14892, stack(0x0000003c3dd00000,0x0000003c3de00000)]
  0x000001b2eb62a4a0 JavaThread "pool-2-thread-1" [_thread_blocked, id=10136, stack(0x0000003c3e000000,0x0000003c3e100000)]
  0x000001b2eb629f90 JavaThread "Worker-3: Java indexing... " [_thread_blocked, id=5612, stack(0x0000003c3e100000,0x0000003c3e200000)]
  0x000001b2ed30dec0 JavaThread "WorkspaceEventsHandler" [_thread_blocked, id=1636, stack(0x0000003c3e200000,0x0000003c3e300000)]
  0x000001b2ed3134d0 JavaThread "pool-1-thread-1" [_thread_in_Java, id=13892, stack(0x0000003c3e300000,0x0000003c3e400000)]
  0x000001b2ed311160 JavaThread "Worker-4" [_thread_blocked, id=18596, stack(0x0000003c3e400000,0x0000003c3e500000)]
  0x000001b2ed30f810 JavaThread "ForkJoinPool.commonPool-worker-1" daemon [_thread_blocked, id=17536, stack(0x0000003c3e500000,0x0000003c3e600000)]
  0x000001b2ed30d9b0 JavaThread "ForkJoinPool.commonPool-worker-2" daemon [_thread_blocked, id=11648, stack(0x0000003c3d700000,0x0000003c3d800000)]
  0x000001b2ed30e8e0 JavaThread "ForkJoinPool.commonPool-worker-3" daemon [_thread_blocked, id=1720, stack(0x0000003c3e600000,0x0000003c3e700000)]
  0x000001b2ed30ca80 JavaThread "ForkJoinPool.commonPool-worker-4" daemon [_thread_blocked, id=22348, stack(0x0000003c3e700000,0x0000003c3e800000)]
  0x000001b2ed30e3d0 JavaThread "ForkJoinPool.commonPool-worker-5" daemon [_thread_blocked, id=15664, stack(0x0000003c3e800000,0x0000003c3e900000)]
  0x000001b2ed310230 JavaThread "ForkJoinPool.commonPool-worker-6" daemon [_thread_blocked, id=21124, stack(0x0000003c3e900000,0x0000003c3ea00000)]
  0x000001b2ed30edf0 JavaThread "ForkJoinPool.commonPool-worker-7" daemon [_thread_blocked, id=9988, stack(0x0000003c3ea00000,0x0000003c3eb00000)]
  0x000001b2ed312ab0 JavaThread "ForkJoinPool.commonPool-worker-8" daemon [_thread_blocked, id=19644, stack(0x0000003c3eb00000,0x0000003c3ec00000)]
  0x000001b2ed30c570 JavaThread "ForkJoinPool.commonPool-worker-9" daemon [_thread_blocked, id=18724, stack(0x0000003c3ec00000,0x0000003c3ed00000)]
  0x000001b2ed312fc0 JavaThread "ForkJoinPool.commonPool-worker-10" daemon [_thread_blocked, id=17388, stack(0x0000003c3ed00000,0x0000003c3ee00000)]
  0x000001b2ed30fd20 JavaThread "ForkJoinPool.commonPool-worker-11" daemon [_thread_blocked, id=22412, stack(0x0000003c3dc00000,0x0000003c3dd00000)]
  0x000001b2ef5ab700 JavaThread "C2 CompilerThread1" daemon [_thread_in_native, id=19484, stack(0x0000003c3da00000,0x0000003c3db00000)]
=>0x000001b2ede3cad0 JavaThread "C2 CompilerThread2" daemon [_thread_in_native, id=4068, stack(0x0000003c3ee00000,0x0000003c3ef00000)]

Other Threads:
  0x000001b2d043ecb0 VMThread "VM Thread" [stack: 0x0000003c3ba00000,0x0000003c3bb00000] [id=8012]
  0x000001b2e961ed20 WatcherThread [stack: 0x0000003c3c700000,0x0000003c3c800000] [id=20380]
  0x000001b2d03ac360 GCTaskThread "GC Thread#0" [stack: 0x0000003c3b900000,0x0000003c3ba00000] [id=17440]
  0x000001b2eb1d7da0 GCTaskThread "GC Thread#1" [stack: 0x0000003c3c900000,0x0000003c3ca00000] [id=20580]
  0x000001b2eb22cbd0 GCTaskThread "GC Thread#2" [stack: 0x0000003c3ca00000,0x0000003c3cb00000] [id=17228]
  0x000001b2eb1d8060 GCTaskThread "GC Thread#3" [stack: 0x0000003c3cb00000,0x0000003c3cc00000] [id=17704]
  0x000001b2eb1d8320 GCTaskThread "GC Thread#4" [stack: 0x0000003c3cc00000,0x0000003c3cd00000] [id=17624]
  0x000001b2eb1aa500 GCTaskThread "GC Thread#5" [stack: 0x0000003c3cd00000,0x0000003c3ce00000] [id=18404]
  0x000001b2eb1aa7c0 GCTaskThread "GC Thread#6" [stack: 0x0000003c3ce00000,0x0000003c3cf00000] [id=14528]
  0x000001b2eb3fc760 GCTaskThread "GC Thread#7" [stack: 0x0000003c3d200000,0x0000003c3d300000] [id=15376]
  0x000001b2eb8db1b0 GCTaskThread "GC Thread#8" [stack: 0x0000003c3d500000,0x0000003c3d600000] [id=14804]
  0x000001b2eb8db470 GCTaskThread "GC Thread#9" [stack: 0x0000003c3d600000,0x0000003c3d700000] [id=4516]

Threads with active compile tasks:
C2 CompilerThread0    35831 8797       4       org.eclipse.jdt.internal.core.search.matching.SuperTypeReferencePattern::createIndexKey (619 bytes)
C1 CompilerThread0    35831 8824       3       org.eclipse.osgi.container.ModuleDatabase$Persistence::writeString (99 bytes)
C2 CompilerThread1    35831 8792       4       java.util.TimSort::countRunAndMakeAscending (128 bytes)
C2 CompilerThread2    35831 8802       4       java.util.TimSort::sort (229 bytes)

VM state: not at safepoint (normal execution)

VM Mutex/Monitor currently owned by a thread:  ([mutex/lock_event])
[0x000001b2d03946a0] MethodData_lock - owner thread: 0x0000000000000000

Heap address: 0x00000000c0000000, size: 1024 MB, Compressed Oops mode: 32-bit

CDS archive(s) not mapped
Compressed class space mapped at: 0x0000000100000000-0x0000000140000000, reserved size: 1073741824
Narrow klass base: 0x0000000000000000, Narrow klass shift: 3, Narrow klass range: 0x140000000

GC Precious Log:
 CPUs: 12 total, 12 available
 Memory: 16163M
 Large Page Support: Disabled
 NUMA Support: Disabled
 Compressed Oops: Enabled (32-bit)
 Alignments: Space 512K, Generation 512K, Heap 2M
 Heap Min Capacity: 100M
 Heap Initial Capacity: 100M
 Heap Max Capacity: 1G
 Pre-touch: Disabled
 Parallel Workers: 10

Heap:
 PSYoungGen      total 8704K, used 2646K [0x00000000eab00000, 0x00000000eb700000, 0x0000000100000000)
  eden space 5632K, 2% used [0x00000000eab00000,0x00000000eab29a80,0x00000000eb080000)
  from space 3072K, 80% used [0x00000000eb380000,0x00000000eb5ebdb8,0x00000000eb680000)
  to   space 3072K, 0% used [0x00000000eb080000,0x00000000eb080000,0x00000000eb380000)
 ParOldGen       total 699392K, used 164789K [0x00000000c0000000, 0x00000000eab00000, 0x00000000eab00000)
  object space 699392K, 23% used [0x00000000c0000000,0x00000000ca0ed678,0x00000000eab00000)
 Metaspace       used 71350K, committed 72448K, reserved 1114112K
  class space    used 7612K, committed 8064K, reserved 1048576K

Card table byte_map: [0x000001b2cfd40000,0x000001b2cff50000] _byte_map_base: 0x000001b2cf740000

Marking Bits: (ParMarkBitMap*) 0x00007ffb4ea2d7d0
 Begin Bits: [0x000001b2e2020000, 0x000001b2e3020000)
 End Bits:   [0x000001b2e3020000, 0x000001b2e4020000)

Polling page: 0x000001b2ce380000

Metaspace:

Usage:
  Non-class:     62.24 MB used.
      Class:      7.43 MB used.
       Both:     69.68 MB used.

Virtual space:
  Non-class space:       64.00 MB reserved,      62.88 MB ( 98%) committed,  1 nodes.
      Class space:        1.00 GB reserved,       7.88 MB ( <1%) committed,  1 nodes.
             Both:        1.06 GB reserved,      70.75 MB (  7%) committed. 

Chunk freelists:
   Non-Class:  192.00 KB
       Class:  8.13 MB
        Both:  8.32 MB

MaxMetaspaceSize: unlimited
CompressedClassSpaceSize: 1.00 GB
Initial GC threshold: 21.00 MB
Current GC threshold: 117.50 MB
CDS: off
MetaspaceReclaimPolicy: balanced
 - commit_granule_bytes: 65536.
 - commit_granule_words: 8192.
 - virtual_space_node_default_size: 8388608.
 - enlarge_chunks_in_place: 1.
 - new_chunks_are_fully_committed: 0.
 - uncommit_free_chunks: 1.
 - use_allocation_guard: 0.
 - handle_deallocations: 1.


Internal statistics:

num_allocs_failed_limit: 9.
num_arena_births: 622.
num_arena_deaths: 14.
num_vsnodes_births: 2.
num_vsnodes_deaths: 0.
num_space_committed: 1132.
num_space_uncommitted: 0.
num_chunks_returned_to_freelist: 30.
num_chunks_taken_from_freelist: 3468.
num_chunk_merges: 13.
num_chunk_splits: 2225.
num_chunks_enlarged: 1385.
num_inconsistent_stats: 0.

CodeHeap 'non-profiled nmethods': size=120000Kb used=6075Kb max_used=6075Kb free=113924Kb
 bounds [0x000001b2daaf0000, 0x000001b2db0e0000, 0x000001b2e2020000]
CodeHeap 'profiled nmethods': size=120000Kb used=15729Kb max_used=15729Kb free=104270Kb
 bounds [0x000001b2d3020000, 0x000001b2d3f80000, 0x000001b2da550000]
CodeHeap 'non-nmethods': size=5760Kb used=1385Kb max_used=1519Kb free=4374Kb
 bounds [0x000001b2da550000, 0x000001b2da7c0000, 0x000001b2daaf0000]
 total_blobs=8175 nmethods=7459 adapters=627
 compilation: enabled
              stopped_count=0, restarted_count=0
 full_count=0

Compilation events (20 events):
Event: 35.785 Thread 0x000001b2e92e02e0 nmethod 8812 0x000001b2d3f75c10 code [0x000001b2d3f75de0, 0x000001b2d3f761d8]
Event: 35.785 Thread 0x000001b2e92e02e0 8811       3       java.util.Collections$UnmodifiableMap::hashCode (10 bytes)
Event: 35.785 Thread 0x000001b2e92e02e0 nmethod 8811 0x000001b2d3f76310 code [0x000001b2d3f764c0, 0x000001b2d3f76688]
Event: 35.785 Thread 0x000001b2e92e02e0 8808       3       java.util.Collections$UnmodifiableMap$UnmodifiableEntrySet$1::<init> (26 bytes)
Event: 35.785 Thread 0x000001b2e92e02e0 nmethod 8808 0x000001b2d3f76790 code [0x000001b2d3f76940, 0x000001b2d3f76ba8]
Event: 35.785 Thread 0x000001b2e92e02e0 8809       3       java.util.Collections$UnmodifiableMap$UnmodifiableEntrySet::<init> (6 bytes)
Event: 35.786 Thread 0x000001b2e92e02e0 nmethod 8809 0x000001b2d3f76d10 code [0x000001b2d3f76ee0, 0x000001b2d3f77228]
Event: 35.786 Thread 0x000001b2e92e02e0 8794       1       org.eclipse.osgi.container.ModuleCapability::getPersistentAttributes (5 bytes)
Event: 35.786 Thread 0x000001b2e92e02e0 nmethod 8794 0x000001b2db0de790 code [0x000001b2db0de920, 0x000001b2db0de9f8]
Event: 35.786 Thread 0x000001b2e92e02e0 8803       1       org.eclipse.osgi.container.ModuleRequirement::getAttributes (5 bytes)
Event: 35.786 Thread 0x000001b2e92e02e0 nmethod 8803 0x000001b2db0dea90 code [0x000001b2db0dec20, 0x000001b2db0decf8]
Event: 35.786 Thread 0x000001b2e92e02e0 8814       3       java.util.Collections$SingletonMap::entrySet (34 bytes)
Event: 35.786 Thread 0x000001b2e92e02e0 nmethod 8814 0x000001b2d3f77390 code [0x000001b2d3f77560, 0x000001b2d3f77a58]
Event: 35.786 Thread 0x000001b2e92e02e0 8817       3       java.util.HashMap::putVal (300 bytes)
Event: 35.787 Thread 0x000001b2e92e02e0 nmethod 8817 0x000001b2d3f77c10 code [0x000001b2d3f77ec0, 0x000001b2d3f78fd8]
Event: 35.788 Thread 0x000001b2e92e02e0 8818  s    3       java.io.BufferedOutputStream::write (35 bytes)
Event: 35.788 Thread 0x000001b2e92e02e0 nmethod 8818 0x000001b2d3f79490 code [0x000001b2d3f79640, 0x000001b2d3f79a08]
Event: 35.788 Thread 0x000001b2e92e02e0 8815       3       java.util.AbstractMap$SimpleImmutableEntry::<init> (15 bytes)
Event: 35.788 Thread 0x000001b2e92e02e0 nmethod 8815 0x000001b2d3f79b90 code [0x000001b2d3f79d20, 0x000001b2d3f79eb8]
Event: 35.788 Thread 0x000001b2e92e02e0 8796       2       org.osgi.framework.Version::hashCode (65 bytes)

GC Heap History (20 events):
Event: 35.378 GC heap before
{Heap before GC invocations=561 (full 331):
 PSYoungGen      total 6656K, used 5120K [0x00000000eab00000, 0x00000000eb380000, 0x0000000100000000)
  eden space 5120K, 100% used [0x00000000eab00000,0x00000000eb000000,0x00000000eb000000)
  from space 1536K, 0% used [0x00000000eb000000,0x00000000eb000000,0x00000000eb180000)
  to   space 1536K, 0% used [0x00000000eb180000,0x00000000eb180000,0x00000000eb300000)
 ParOldGen       total 157184K, used 157152K [0x00000000c0000000, 0x00000000c9980000, 0x00000000eab00000)
  object space 157184K, 99% used [0x00000000c0000000,0x00000000c99781b0,0x00000000c9980000)
 Metaspace       used 71114K, committed 72256K, reserved 1114112K
  class space    used 7602K, committed 8064K, reserved 1048576K
}
Event: 35.429 GC heap after
{Heap after GC invocations=561 (full 331):
 PSYoungGen      total 6656K, used 5120K [0x00000000eab00000, 0x00000000eb380000, 0x0000000100000000)
  eden space 5120K, 100% used [0x00000000eab00000,0x00000000eb000000,0x00000000eb000000)
  from space 1536K, 0% used [0x00000000eb180000,0x00000000eb180000,0x00000000eb300000)
  to   space 1536K, 0% used [0x00000000eb000000,0x00000000eb000000,0x00000000eb180000)
 ParOldGen       total 157184K, used 157152K [0x00000000c0000000, 0x00000000c9980000, 0x00000000eab00000)
  object space 157184K, 99% used [0x00000000c0000000,0x00000000c9978188,0x00000000c9980000)
 Metaspace       used 71114K, committed 72256K, reserved 1114112K
  class space    used 7602K, committed 8064K, reserved 1048576K
}
Event: 35.429 GC heap before
{Heap before GC invocations=562 (full 332):
 PSYoungGen      total 6656K, used 5120K [0x00000000eab00000, 0x00000000eb380000, 0x0000000100000000)
  eden space 5120K, 100% used [0x00000000eab00000,0x00000000eb000000,0x00000000eb000000)
  from space 1536K, 0% used [0x00000000eb180000,0x00000000eb180000,0x00000000eb300000)
  to   space 1536K, 0% used [0x00000000eb000000,0x00000000eb000000,0x00000000eb180000)
 ParOldGen       total 157184K, used 157154K [0x00000000c0000000, 0x00000000c9980000, 0x00000000eab00000)
  object space 157184K, 99% used [0x00000000c0000000,0x00000000c9978bd8,0x00000000c9980000)
 Metaspace       used 71114K, committed 72256K, reserved 1114112K
  class space    used 7602K, committed 8064K, reserved 1048576K
}
Event: 35.478 GC heap after
{Heap after GC invocations=562 (full 332):
 PSYoungGen      total 6656K, used 5119K [0x00000000eab00000, 0x00000000eb380000, 0x0000000100000000)
  eden space 5120K, 99% used [0x00000000eab00000,0x00000000eaffffe8,0x00000000eb000000)
  from space 1536K, 0% used [0x00000000eb000000,0x00000000eb000000,0x00000000eb180000)
  to   space 1536K, 0% used [0x00000000eb180000,0x00000000eb180000,0x00000000eb300000)
 ParOldGen       total 157184K, used 157153K [0x00000000c0000000, 0x00000000c9980000, 0x00000000eab00000)
  object space 157184K, 99% used [0x00000000c0000000,0x00000000c99784a0,0x00000000c9980000)
 Metaspace       used 71114K, committed 72256K, reserved 1114112K
  class space    used 7602K, committed 8064K, reserved 1048576K
}
Event: 35.478 GC heap before
{Heap before GC invocations=563 (full 333):
 PSYoungGen      total 6656K, used 5120K [0x00000000eab00000, 0x00000000eb380000, 0x0000000100000000)
  eden space 5120K, 100% used [0x00000000eab00000,0x00000000eb000000,0x00000000eb000000)
  from space 1536K, 0% used [0x00000000eb000000,0x00000000eb000000,0x00000000eb180000)
  to   space 1536K, 0% used [0x00000000eb180000,0x00000000eb180000,0x00000000eb300000)
 ParOldGen       total 157184K, used 157155K [0x00000000c0000000, 0x00000000c9980000, 0x00000000eab00000)
  object space 157184K, 99% used [0x00000000c0000000,0x00000000c9978d08,0x00000000c9980000)
 Metaspace       used 71114K, committed 72256K, reserved 1114112K
  class space    used 7602K, committed 8064K, reserved 1048576K
}
Event: 35.526 GC heap after
{Heap after GC invocations=563 (full 333):
 PSYoungGen      total 6656K, used 5119K [0x00000000eab00000, 0x00000000eb380000, 0x0000000100000000)
  eden space 5120K, 99% used [0x00000000eab00000,0x00000000eaffffb0,0x00000000eb000000)
  from space 1536K, 0% used [0x00000000eb180000,0x00000000eb180000,0x00000000eb300000)
  to   space 1536K, 0% used [0x00000000eb000000,0x00000000eb000000,0x00000000eb180000)
 ParOldGen       total 157184K, used 157152K [0x00000000c0000000, 0x00000000c9980000, 0x00000000eab00000)
  object space 157184K, 99% used [0x00000000c0000000,0x00000000c9978280,0x00000000c9980000)
 Metaspace       used 71114K, committed 72256K, reserved 1114112K
  class space    used 7602K, committed 8064K, reserved 1048576K
}
Event: 35.526 GC heap before
{Heap before GC invocations=564 (full 334):
 PSYoungGen      total 6656K, used 5119K [0x00000000eab00000, 0x00000000eb380000, 0x0000000100000000)
  eden space 5120K, 99% used [0x00000000eab00000,0x00000000eafffff8,0x00000000eb000000)
  from space 1536K, 0% used [0x00000000eb180000,0x00000000eb180000,0x00000000eb300000)
  to   space 1536K, 0% used [0x00000000eb000000,0x00000000eb000000,0x00000000eb180000)
 ParOldGen       total 157184K, used 157152K [0x00000000c0000000, 0x00000000c9980000, 0x00000000eab00000)
  object space 157184K, 99% used [0x00000000c0000000,0x00000000c9978280,0x00000000c9980000)
 Metaspace       used 71115K, committed 72256K, reserved 1114112K
  class space    used 7602K, committed 8064K, reserved 1048576K
}
Event: 35.573 GC heap after
{Heap after GC invocations=564 (full 334):
 PSYoungGen      total 6656K, used 5119K [0x00000000eab00000, 0x00000000eb380000, 0x0000000100000000)
  eden space 5120K, 99% used [0x00000000eab00000,0x00000000eafffff8,0x00000000eb000000)
  from space 1536K, 0% used [0x00000000eb000000,0x00000000eb000000,0x00000000eb180000)
  to   space 1536K, 0% used [0x00000000eb180000,0x00000000eb180000,0x00000000eb300000)
 ParOldGen       total 157184K, used 157152K [0x00000000c0000000, 0x00000000c9980000, 0x00000000eab00000)
  object space 157184K, 99% used [0x00000000c0000000,0x00000000c9978280,0x00000000c9980000)
 Metaspace       used 71115K, committed 72256K, reserved 1114112K
  class space    used 7602K, committed 8064K, reserved 1048576K
}
Event: 35.573 GC heap before
{Heap before GC invocations=565 (full 335):
 PSYoungGen      total 6656K, used 5119K [0x00000000eab00000, 0x00000000eb380000, 0x0000000100000000)
  eden space 5120K, 99% used [0x00000000eab00000,0x00000000eafffff8,0x00000000eb000000)
  from space 1536K, 0% used [0x00000000eb000000,0x00000000eb000000,0x00000000eb180000)
  to   space 1536K, 0% used [0x00000000eb180000,0x00000000eb180000,0x00000000eb300000)
 ParOldGen       total 157184K, used 157155K [0x00000000c0000000, 0x00000000c9980000, 0x00000000eab00000)
  object space 157184K, 99% used [0x00000000c0000000,0x00000000c9978f20,0x00000000c9980000)
 Metaspace       used 71115K, committed 72256K, reserved 1114112K
  class space    used 7602K, committed 8064K, reserved 1048576K
}
Event: 35.621 GC heap after
{Heap after GC invocations=565 (full 335):
 PSYoungGen      total 6656K, used 5119K [0x00000000eab00000, 0x00000000eb380000, 0x0000000100000000)
  eden space 5120K, 99% used [0x00000000eab00000,0x00000000eaffffa8,0x00000000eb000000)
  from space 1536K, 0% used [0x00000000eb180000,0x00000000eb180000,0x00000000eb300000)
  to   space 1536K, 0% used [0x00000000eb000000,0x00000000eb000000,0x00000000eb180000)
 ParOldGen       total 157184K, used 157153K [0x00000000c0000000, 0x00000000c9980000, 0x00000000eab00000)
  object space 157184K, 99% used [0x00000000c0000000,0x00000000c9978730,0x00000000c9980000)
 Metaspace       used 71115K, committed 72256K, reserved 1114112K
  class space    used 7602K, committed 8064K, reserved 1048576K
}
Event: 35.621 GC heap before
{Heap before GC invocations=566 (full 336):
 PSYoungGen      total 6656K, used 5119K [0x00000000eab00000, 0x00000000eb380000, 0x0000000100000000)
  eden space 5120K, 99% used [0x00000000eab00000,0x00000000eafffff8,0x00000000eb000000)
  from space 1536K, 0% used [0x00000000eb180000,0x00000000eb180000,0x00000000eb300000)
  to   space 1536K, 0% used [0x00000000eb000000,0x00000000eb000000,0x00000000eb180000)
 ParOldGen       total 157184K, used 157158K [0x00000000c0000000, 0x00000000c9980000, 0x00000000eab00000)
  object space 157184K, 99% used [0x00000000c0000000,0x00000000c9979a80,0x00000000c9980000)
 Metaspace       used 71116K, committed 72256K, reserved 1114112K
  class space    used 7602K, committed 8064K, reserved 1048576K
}
Event: 35.668 GC heap after
{Heap after GC invocations=566 (full 336):
 PSYoungGen      total 6656K, used 5119K [0x00000000eab00000, 0x00000000eb380000, 0x0000000100000000)
  eden space 5120K, 99% used [0x00000000eab00000,0x00000000eaffff08,0x00000000eb000000)
  from space 1536K, 0% used [0x00000000eb000000,0x00000000eb000000,0x00000000eb180000)
  to   space 1536K, 0% used [0x00000000eb180000,0x00000000eb180000,0x00000000eb300000)
 ParOldGen       total 157184K, used 157154K [0x00000000c0000000, 0x00000000c9980000, 0x00000000eab00000)
  object space 157184K, 99% used [0x00000000c0000000,0x00000000c9978b98,0x00000000c9980000)
 Metaspace       used 71116K, committed 72256K, reserved 1114112K
  class space    used 7602K, committed 8064K, reserved 1048576K
}
Event: 35.668 GC heap before
{Heap before GC invocations=567 (full 337):
 PSYoungGen      total 6656K, used 5119K [0x00000000eab00000, 0x00000000eb380000, 0x0000000100000000)
  eden space 5120K, 99% used [0x00000000eab00000,0x00000000eafffff0,0x00000000eb000000)
  from space 1536K, 0% used [0x00000000eb000000,0x00000000eb000000,0x00000000eb180000)
  to   space 1536K, 0% used [0x00000000eb180000,0x00000000eb180000,0x00000000eb300000)
 ParOldGen       total 157184K, used 157154K [0x00000000c0000000, 0x00000000c9980000, 0x00000000eab00000)
  object space 157184K, 99% used [0x00000000c0000000,0x00000000c9978b98,0x00000000c9980000)
 Metaspace       used 71116K, committed 72256K, reserved 1114112K
  class space    used 7602K, committed 8064K, reserved 1048576K
}
Event: 35.715 GC heap after
{Heap after GC invocations=567 (full 337):
 PSYoungGen      total 6656K, used 5119K [0x00000000eab00000, 0x00000000eb380000, 0x0000000100000000)
  eden space 5120K, 99% used [0x00000000eab00000,0x00000000eaffff68,0x00000000eb000000)
  from space 1536K, 0% used [0x00000000eb180000,0x00000000eb180000,0x00000000eb300000)
  to   space 1536K, 0% used [0x00000000eb000000,0x00000000eb000000,0x00000000eb180000)
 ParOldGen       total 157184K, used 157154K [0x00000000c0000000, 0x00000000c9980000, 0x00000000eab00000)
  object space 157184K, 99% used [0x00000000c0000000,0x00000000c9978ac8,0x00000000c9980000)
 Metaspace       used 71116K, committed 72256K, reserved 1114112K
  class space    used 7602K, committed 8064K, reserved 1048576K
}
Event: 35.715 GC heap before
{Heap before GC invocations=568 (full 338):
 PSYoungGen      total 6656K, used 5119K [0x00000000eab00000, 0x00000000eb380000, 0x0000000100000000)
  eden space 5120K, 99% used [0x00000000eab00000,0x00000000eaffffe8,0x00000000eb000000)
  from space 1536K, 0% used [0x00000000eb180000,0x00000000eb180000,0x00000000eb300000)
  to   space 1536K, 0% used [0x00000000eb000000,0x00000000eb000000,0x00000000eb180000)
 ParOldGen       total 157184K, used 157154K [0x00000000c0000000, 0x00000000c9980000, 0x00000000eab00000)
  object space 157184K, 99% used [0x00000000c0000000,0x00000000c9978ac8,0x00000000c9980000)
 Metaspace       used 71116K, committed 72256K, reserved 1114112K
  class space    used 7602K, committed 8064K, reserved 1048576K
}
Event: 35.764 GC heap after
{Heap after GC invocations=568 (full 338):
 PSYoungGen      total 6656K, used 5119K [0x00000000eab00000, 0x00000000eb380000, 0x0000000100000000)
  eden space 5120K, 99% used [0x00000000eab00000,0x00000000eaffff40,0x00000000eb000000)
  from space 1536K, 0% used [0x00000000eb000000,0x00000000eb000000,0x00000000eb180000)
  to   space 1536K, 0% used [0x00000000eb180000,0x00000000eb180000,0x00000000eb300000)
 ParOldGen       total 699392K, used 157154K [0x00000000c0000000, 0x00000000eab00000, 0x00000000eab00000)
  object space 699392K, 22% used [0x00000000c0000000,0x00000000c9978ac8,0x00000000eab00000)
 Metaspace       used 71116K, committed 72256K, reserved 1114112K
  class space    used 7602K, committed 8064K, reserved 1048576K
}
Event: 35.765 GC heap before
{Heap before GC invocations=569 (full 338):
 PSYoungGen      total 6656K, used 5119K [0x00000000eab00000, 0x00000000eb380000, 0x0000000100000000)
  eden space 5120K, 99% used [0x00000000eab00000,0x00000000eafffff0,0x00000000eb000000)
  from space 1536K, 0% used [0x00000000eb000000,0x00000000eb000000,0x00000000eb180000)
  to   space 1536K, 0% used [0x00000000eb180000,0x00000000eb180000,0x00000000eb300000)
 ParOldGen       total 699392K, used 157154K [0x00000000c0000000, 0x00000000eab00000, 0x00000000eab00000)
  object space 699392K, 22% used [0x00000000c0000000,0x00000000c9978ac8,0x00000000eab00000)
 Metaspace       used 71116K, committed 72256K, reserved 1114112K
  class space    used 7602K, committed 8064K, reserved 1048576K
}
Event: 35.774 GC heap after
{Heap after GC invocations=569 (full 338):
 PSYoungGen      total 6656K, used 1513K [0x00000000eab00000, 0x00000000eb380000, 0x0000000100000000)
  eden space 5120K, 0% used [0x00000000eab00000,0x00000000eab00000,0x00000000eb000000)
  from space 1536K, 98% used [0x00000000eb180000,0x00000000eb2fa450,0x00000000eb300000)
  to   space 1536K, 0% used [0x00000000eb000000,0x00000000eb000000,0x00000000eb180000)
 ParOldGen       total 699392K, used 160969K [0x00000000c0000000, 0x00000000eab00000, 0x00000000eab00000)
  object space 699392K, 23% used [0x00000000c0000000,0x00000000c9d32480,0x00000000eab00000)
 Metaspace       used 71116K, committed 72256K, reserved 1114112K
  class space    used 7602K, committed 8064K, reserved 1048576K
}
Event: 35.783 GC heap before
{Heap before GC invocations=570 (full 338):
 PSYoungGen      total 6656K, used 6633K [0x00000000eab00000, 0x00000000eb380000, 0x0000000100000000)
  eden space 5120K, 99% used [0x00000000eab00000,0x00000000eafffff0,0x00000000eb000000)
  from space 1536K, 98% used [0x00000000eb180000,0x00000000eb2fa450,0x00000000eb300000)
  to   space 1536K, 0% used [0x00000000eb000000,0x00000000eb000000,0x00000000eb180000)
 ParOldGen       total 699392K, used 160969K [0x00000000c0000000, 0x00000000eab00000, 0x00000000eab00000)
  object space 699392K, 23% used [0x00000000c0000000,0x00000000c9d32480,0x00000000eab00000)
 Metaspace       used 71200K, committed 72320K, reserved 1114112K
  class space    used 7610K, committed 8064K, reserved 1048576K
}
Event: 35.785 GC heap after
{Heap after GC invocations=570 (full 338):
 PSYoungGen      total 6656K, used 1184K [0x00000000eab00000, 0x00000000eb680000, 0x0000000100000000)
  eden space 5120K, 0% used [0x00000000eab00000,0x00000000eab00000,0x00000000eb000000)
  from space 1536K, 77% used [0x00000000eb000000,0x00000000eb128200,0x00000000eb180000)
  to   space 3072K, 0% used [0x00000000eb380000,0x00000000eb380000,0x00000000eb680000)
 ParOldGen       total 699392K, used 162484K [0x00000000c0000000, 0x00000000eab00000, 0x00000000eab00000)
  object space 699392K, 23% used [0x00000000c0000000,0x00000000c9ead118,0x00000000eab00000)
 Metaspace       used 71200K, committed 72320K, reserved 1114112K
  class space    used 7610K, committed 8064K, reserved 1048576K
}

Dll operation events (10 events):
Event: 0.014 Loaded shared library c:\Users\Inspiron_5587G5\.vscode\extensions\redhat.java-1.28.1-win32-x64\jre\17.0.10-win32-x86_64\bin\java.dll
Event: 0.191 Loaded shared library c:\Users\Inspiron_5587G5\.vscode\extensions\redhat.java-1.28.1-win32-x64\jre\17.0.10-win32-x86_64\bin\zip.dll
Event: 0.194 Loaded shared library C:\Users\Inspiron_5587G5\.vscode\extensions\redhat.java-1.28.1-win32-x64\jre\17.0.10-win32-x86_64\bin\instrument.dll
Event: 0.209 Loaded shared library C:\Users\Inspiron_5587G5\.vscode\extensions\redhat.java-1.28.1-win32-x64\jre\17.0.10-win32-x86_64\bin\net.dll
Event: 0.211 Loaded shared library C:\Users\Inspiron_5587G5\.vscode\extensions\redhat.java-1.28.1-win32-x64\jre\17.0.10-win32-x86_64\bin\nio.dll
Event: 0.219 Loaded shared library C:\Users\Inspiron_5587G5\.vscode\extensions\redhat.java-1.28.1-win32-x64\jre\17.0.10-win32-x86_64\bin\zip.dll
Event: 0.238 Loaded shared library C:\Users\Inspiron_5587G5\.vscode\extensions\redhat.java-1.28.1-win32-x64\jre\17.0.10-win32-x86_64\bin\jimage.dll
Event: 0.314 Loaded shared library c:\Users\Inspiron_5587G5\.vscode\extensions\redhat.java-1.28.1-win32-x64\jre\17.0.10-win32-x86_64\bin\verify.dll
Event: 1.698 Loaded shared library C:\Users\Inspiron_5587G5\AppData\Roaming\Code\User\globalStorage\redhat.java\1.28.1\config_win\org.eclipse.equinox.launcher\org.eclipse.equinox.launcher.win32.win32.x86_64_1.2.900.v20240129-1338\eclipse_11900.dll
Event: 4.335 Loaded shared library C:\Users\Inspiron_5587G5\AppData\Local\Temp\jna--179876254\jna11517969228833620744.dll

Deoptimization events (20 events):
Event: 17.548 Thread 0x000001b2eb629a80 DEOPT PACKING pc=0x000001b2d32a4f7f sp=0x0000003c3dbfe960
Event: 17.548 Thread 0x000001b2eb629a80 DEOPT UNPACKING pc=0x000001b2da5a6e43 sp=0x0000003c3dbfdd98 mode 0
Event: 17.635 Thread 0x000001b2eb629a80 DEOPT PACKING pc=0x000001b2d32a4f7f sp=0x0000003c3dbfe960
Event: 17.635 Thread 0x000001b2eb629a80 DEOPT UNPACKING pc=0x000001b2da5a6e43 sp=0x0000003c3dbfdd98 mode 0
Event: 18.128 Thread 0x000001b2eb629a80 DEOPT PACKING pc=0x000001b2d32a4f7f sp=0x0000003c3dbfe960
Event: 18.128 Thread 0x000001b2eb629a80 DEOPT UNPACKING pc=0x000001b2da5a6e43 sp=0x0000003c3dbfdd98 mode 0
Event: 18.206 Thread 0x000001b2eb629a80 DEOPT PACKING pc=0x000001b2d3f0de48 sp=0x0000003c3dbfeae0
Event: 18.206 Thread 0x000001b2eb629a80 DEOPT UNPACKING pc=0x000001b2da5a6e43 sp=0x0000003c3dbfe0d8 mode 0
Event: 19.354 Thread 0x000001b2ed312ab0 Uncommon trap: trap_request=0xffffff76 fr.pc=0x000001b2db0adee4 relative=0x00000000000005a4
Event: 19.354 Thread 0x000001b2ed312ab0 Uncommon trap: reason=predicate action=maybe_recompile pc=0x000001b2db0adee4 method=java.util.TimSort.reverseRange([Ljava/lang/Object;II)V @ 5 c2
Event: 19.354 Thread 0x000001b2ed312ab0 DEOPT PACKING pc=0x000001b2db0adee4 sp=0x0000003c3ebfd940
Event: 19.354 Thread 0x000001b2ed312ab0 DEOPT UNPACKING pc=0x000001b2da5a66a3 sp=0x0000003c3ebfd858 mode 2
Event: 35.786 Thread 0x000001b2eb184000 Uncommon trap: trap_request=0xffffff45 fr.pc=0x000001b2daecf224 relative=0x00000000000008a4
Event: 35.786 Thread 0x000001b2eb184000 Uncommon trap: reason=unstable_if action=reinterpret pc=0x000001b2daecf224 method=java.util.HashMap.putVal(ILjava/lang/Object;Ljava/lang/Object;ZZ)Ljava/lang/Object; @ 94 c2
Event: 35.786 Thread 0x000001b2eb184000 DEOPT PACKING pc=0x000001b2daecf224 sp=0x0000003c3cffec70
Event: 35.786 Thread 0x000001b2eb184000 DEOPT UNPACKING pc=0x000001b2da5a66a3 sp=0x0000003c3cffebe8 mode 2
Event: 35.786 Thread 0x000001b2eb184000 Uncommon trap: trap_request=0xffffff45 fr.pc=0x000001b2dad51124 relative=0x0000000000000464
Event: 35.786 Thread 0x000001b2eb184000 Uncommon trap: reason=unstable_if action=reinterpret pc=0x000001b2dad51124 method=java.util.HashMap.removeNode(ILjava/lang/Object;Ljava/lang/Object;ZZ)Ljava/util/HashMap$Node; @ 62 c2
Event: 35.786 Thread 0x000001b2eb184000 DEOPT PACKING pc=0x000001b2dad51124 sp=0x0000003c3cffed10
Event: 35.786 Thread 0x000001b2eb184000 DEOPT UNPACKING pc=0x000001b2da5a66a3 sp=0x0000003c3cffec10 mode 2

Classes unloaded (7 events):
Event: 2.723 Thread 0x000001b2d043ecb0 Unloading class 0x0000000100248800 'java/lang/invoke/LambdaForm$MH+0x0000000100248800'
Event: 2.723 Thread 0x000001b2d043ecb0 Unloading class 0x0000000100248400 'java/lang/invoke/LambdaForm$MH+0x0000000100248400'
Event: 2.723 Thread 0x000001b2d043ecb0 Unloading class 0x0000000100248000 'java/lang/invoke/LambdaForm$MH+0x0000000100248000'
Event: 2.723 Thread 0x000001b2d043ecb0 Unloading class 0x0000000100247c00 'java/lang/invoke/LambdaForm$MH+0x0000000100247c00'
Event: 2.723 Thread 0x000001b2d043ecb0 Unloading class 0x0000000100247800 'java/lang/invoke/LambdaForm$BMH+0x0000000100247800'
Event: 2.723 Thread 0x000001b2d043ecb0 Unloading class 0x0000000100247400 'java/lang/invoke/LambdaForm$DMH+0x0000000100247400'
Event: 2.723 Thread 0x000001b2d043ecb0 Unloading class 0x0000000100244800 'java/lang/invoke/LambdaForm$DMH+0x0000000100244800'

Classes redefined (0 events):
No events

Internal exceptions (20 events):
Event: 9.348 Thread 0x000001b2eb629570 Exception <a 'sun/nio/fs/WindowsException'{0x00000000eaf81f18}> (0x00000000eaf81f18) 
thrown [s\src\hotspot\share\prims\jni.cpp, line 516]
Event: 9.493 Thread 0x000001b2ed311160 Exception <a 'java/io/FileNotFoundException'{0x00000000eb413660}> (0x00000000eb413660) 
thrown [s\src\hotspot\share\prims\jni.cpp, line 516]
Event: 9.493 Thread 0x000001b2ed311160 Exception <a 'java/io/FileNotFoundException'{0x00000000eb4146d8}> (0x00000000eb4146d8) 
thrown [s\src\hotspot\share\prims\jni.cpp, line 516]
Event: 9.598 Thread 0x000001b2ed30c570 Exception <a 'java/lang/ArrayIndexOutOfBoundsException'{0x00000000eb1df688}> (0x00000000eb1df688) 
thrown [s\src\hotspot\share\runtime\sharedRuntime.cpp, line 631]
Event: 9.839 Thread 0x000001b2ed30edf0 Exception <a 'java/lang/NoSuchMethodError'{0x00000000eb089b90}: 'java.lang.Object java.lang.invoke.DirectMethodHandle$Holder.invokeStatic(java.lang.Object, int, java.lang.Object, java.lang.Object, java.lang.Object, java.lang.Object)'> (0x00000000eb089b90) 
thrown [s\src\hotspot\share\interpreter\linkResolver.cpp, line 759]
Event: 10.335 Thread 0x000001b2ed30ca80 Exception <a 'java/lang/ArrayIndexOutOfBoundsException'{0x00000000eb6711b0}: Index 923 out of bounds for length 922> (0x00000000eb6711b0) 
thrown [s\src\hotspot\share\interpreter\interpreterRuntime.cpp, line 428]
Event: 11.080 Thread 0x000001b2eb629a80 Exception <a 'sun/nio/fs/WindowsException'{0x00000000eb0f44d0}> (0x00000000eb0f44d0) 
thrown [s\src\hotspot\share\prims\jni.cpp, line 516]
Event: 11.338 Thread 0x000001b2eb629a80 Exception <a 'sun/nio/fs/WindowsException'{0x00000000eb249f20}> (0x00000000eb249f20) 
thrown [s\src\hotspot\share\prims\jni.cpp, line 516]
Event: 12.011 Thread 0x000001b2ed30edf0 Implicit null exception at 0x000001b2daeab820 to 0x000001b2daeab990
Event: 12.216 Thread 0x000001b2ed30edf0 Exception <a 'java/lang/ClassNotFoundException'{0x00000000eada0760}: sun/net/www/protocol/jdt/Handler> (0x00000000eada0760) 
thrown [s\src\hotspot\share\classfile\systemDictionary.cpp, line 256]
Event: 12.233 Thread 0x000001b2ed30edf0 Implicit null exception at 0x000001b2dac5c7f7 to 0x000001b2dac5c9bc
Event: 12.808 Thread 0x000001b2ed30edf0 Exception <a 'java/lang/ClassNotFoundException'{0x00000000eb17dd28}: sun/net/www/protocol/jdt/Handler> (0x00000000eb17dd28) 
thrown [s\src\hotspot\share\classfile\systemDictionary.cpp, line 256]
Event: 13.139 Thread 0x000001b2ed30edf0 Exception <a 'java/lang/NoSuchMethodError'{0x00000000eac5a020}: 'java.lang.Object java.lang.invoke.DirectMethodHandle$Holder.invokeStatic(java.lang.Object, int, java.lang.Object)'> (0x00000000eac5a020) 
thrown [s\src\hotspot\share\interpreter\linkResolver.cpp, line 759]
Event: 13.741 Thread 0x000001b2eb629a80 Exception <a 'sun/nio/fs/WindowsException'{0x00000000ead71df0}> (0x00000000ead71df0) 
thrown [s\src\hotspot\share\prims\jni.cpp, line 516]
Event: 13.901 Thread 0x000001b2eb629a80 Exception <a 'sun/nio/fs/WindowsException'{0x00000000eabce060}> (0x00000000eabce060) 
thrown [s\src\hotspot\share\prims\jni.cpp, line 516]
Event: 14.497 Thread 0x000001b2ed30c570 Exception <a 'java/lang/ClassNotFoundException'{0x00000000ead81e90}: sun/net/www/protocol/jdt/Handler> (0x00000000ead81e90) 
thrown [s\src\hotspot\share\classfile\systemDictionary.cpp, line 256]
Event: 16.537 Thread 0x000001b2ed30ca80 Exception <a 'java/lang/ClassNotFoundException'{0x00000000eac61828}: sun/net/www/protocol/jdt/Handler> (0x00000000eac61828) 
thrown [s\src\hotspot\share\classfile\systemDictionary.cpp, line 256]
Event: 16.794 Thread 0x000001b2eb629a80 Implicit null exception at 0x000001b2db046640 to 0x000001b2db04a4a4
Event: 16.984 Thread 0x000001b2ed30fd20 Exception <a 'java/lang/ClassNotFoundException'{0x00000000ead62a00}: sun/net/www/protocol/jdt/Handler> (0x00000000ead62a00) 
thrown [s\src\hotspot\share\classfile\systemDictionary.cpp, line 256]
Event: 17.504 Thread 0x000001b2ed312fc0 Exception <a 'java/lang/ClassNotFoundException'{0x00000000eadb6078}: sun/net/www/protocol/jdt/Handler> (0x00000000eadb6078) 
thrown [s\src\hotspot\share\classfile\systemDictionary.cpp, line 256]

VM Operations (20 events):
Event: 35.378 Executing VM operation: ParallelGCFailedAllocation
Event: 35.429 Executing VM operation: ParallelGCFailedAllocation done
Event: 35.429 Executing VM operation: ParallelGCFailedAllocation
Event: 35.478 Executing VM operation: ParallelGCFailedAllocation done
Event: 35.478 Executing VM operation: ParallelGCFailedAllocation
Event: 35.526 Executing VM operation: ParallelGCFailedAllocation done
Event: 35.526 Executing VM operation: ParallelGCFailedAllocation
Event: 35.573 Executing VM operation: ParallelGCFailedAllocation done
Event: 35.573 Executing VM operation: ParallelGCFailedAllocation
Event: 35.621 Executing VM operation: ParallelGCFailedAllocation done
Event: 35.621 Executing VM operation: ParallelGCFailedAllocation
Event: 35.668 Executing VM operation: ParallelGCFailedAllocation done
Event: 35.668 Executing VM operation: ParallelGCFailedAllocation
Event: 35.715 Executing VM operation: ParallelGCFailedAllocation done
Event: 35.715 Executing VM operation: ParallelGCFailedAllocation
Event: 35.765 Executing VM operation: ParallelGCFailedAllocation done
Event: 35.765 Executing VM operation: ParallelGCFailedAllocation
Event: 35.774 Executing VM operation: ParallelGCFailedAllocation done
Event: 35.782 Executing VM operation: ParallelGCFailedAllocation
Event: 35.785 Executing VM operation: ParallelGCFailedAllocation done

Events (20 events):
Event: 13.589 Thread 0x000001b2eb4a6260 Thread added: 0x000001b2eb4a6260
Event: 13.600 Thread 0x000001b2ef5ab700 Thread added: 0x000001b2ef5ab700
Event: 14.142 loading class java/lang/invoke/BoundMethodHandle$Species_LLLLLLLLLL
Event: 14.143 loading class java/lang/invoke/BoundMethodHandle$Species_LLLLLLLLLL done
Event: 14.144 loading class java/lang/invoke/BoundMethodHandle$Species_LLLLLLLLLLL
Event: 14.145 loading class java/lang/invoke/BoundMethodHandle$Species_LLLLLLLLLLL done
Event: 14.146 loading class java/lang/invoke/BoundMethodHandle$Species_LLLLLLLLLLLL
Event: 14.146 loading class java/lang/invoke/BoundMethodHandle$Species_LLLLLLLLLLLL done
Event: 14.148 loading class java/lang/invoke/BoundMethodHandle$Species_LLLLLLLLLLLLL
Event: 14.149 loading class java/lang/invoke/BoundMethodHandle$Species_LLLLLLLLLLLLL done
Event: 14.302 Thread 0x000001b2e92e13d0 flushing nmethod 0x000001b2daf38a10
Event: 14.308 Thread 0x000001b2e92e13d0 flushing nmethod 0x000001b2d3492c90
Event: 14.319 Thread 0x000001b2e92e13d0 flushing nmethod 0x000001b2d3ce2490
Event: 14.320 Thread 0x000001b2e92e13d0 flushing nmethod 0x000001b2d3ddb510
Event: 14.320 Thread 0x000001b2e92e13d0 flushing nmethod 0x000001b2d3e07e90
Event: 14.320 Thread 0x000001b2e92e13d0 flushing nmethod 0x000001b2d3e0e790
Event: 24.835 Thread 0x000001b2ef5ab700 Thread exited: 0x000001b2ef5ab700
Event: 24.889 Thread 0x000001b2eb4a6260 Thread exited: 0x000001b2eb4a6260
Event: 35.778 Thread 0x000001b2ef5ab700 Thread added: 0x000001b2ef5ab700
Event: 35.779 Thread 0x000001b2ede3cad0 Thread added: 0x000001b2ede3cad0


Dynamic libraries:
0x00007ff7f4540000 - 0x00007ff7f454e000 	c:\Users\Inspiron_5587G5\.vscode\extensions\redhat.java-1.28.1-win32-x64\jre\17.0.10-win32-x86_64\bin\java.exe
0x00007ffbc9c10000 - 0x00007ffbc9e26000 	C:\WINDOWS\SYSTEM32\ntdll.dll
0x00007ffbc8c80000 - 0x00007ffbc8d44000 	C:\WINDOWS\System32\KERNEL32.DLL
0x00007ffbc6f50000 - 0x00007ffbc72f6000 	C:\WINDOWS\System32\KERNELBASE.dll
0x00007ffbc75e0000 - 0x00007ffbc76f1000 	C:\WINDOWS\System32\ucrtbase.dll
0x00007ffba1960000 - 0x00007ffba1977000 	c:\Users\Inspiron_5587G5\.vscode\extensions\redhat.java-1.28.1-win32-x64\jre\17.0.10-win32-x86_64\bin\jli.dll
0x00007ffb9bb60000 - 0x00007ffb9bb7b000 	c:\Users\Inspiron_5587G5\.vscode\extensions\redhat.java-1.28.1-win32-x64\jre\17.0.10-win32-x86_64\bin\VCRUNTIME140.dll
0x00007ffbc8d60000 - 0x00007ffbc8f0d000 	C:\WINDOWS\System32\USER32.dll
0x00007ffba66d0000 - 0x00007ffba6963000 	C:\WINDOWS\WinSxS\amd64_microsoft.windows.common-controls_6595b64144ccf1df_6.0.22621.3235_none_270f74e173860f98\COMCTL32.dll
0x00007ffbc7300000 - 0x00007ffbc7326000 	C:\WINDOWS\System32\win32u.dll
0x00007ffbc91b0000 - 0x00007ffbc9257000 	C:\WINDOWS\System32\msvcrt.dll
0x00007ffbc9840000 - 0x00007ffbc9869000 	C:\WINDOWS\System32\GDI32.dll
0x00007ffbc74c0000 - 0x00007ffbc75d8000 	C:\WINDOWS\System32\gdi32full.dll
0x00007ffbc7420000 - 0x00007ffbc74ba000 	C:\WINDOWS\System32\msvcp_win.dll
0x00007ffbc7fb0000 - 0x00007ffbc7fe1000 	C:\WINDOWS\System32\IMM32.DLL
0x00007ffbb0c90000 - 0x00007ffbb0c9c000 	c:\Users\Inspiron_5587G5\.vscode\extensions\redhat.java-1.28.1-win32-x64\jre\17.0.10-win32-x86_64\bin\vcruntime140_1.dll
0x00007ffb739b0000 - 0x00007ffb73a3d000 	c:\Users\Inspiron_5587G5\.vscode\extensions\redhat.java-1.28.1-win32-x64\jre\17.0.10-win32-x86_64\bin\msvcp140.dll
0x00007ffb4de90000 - 0x00007ffb4eaf2000 	c:\Users\Inspiron_5587G5\.vscode\extensions\redhat.java-1.28.1-win32-x64\jre\17.0.10-win32-x86_64\bin\server\jvm.dll
0x00007ffbc9b10000 - 0x00007ffbc9bc2000 	C:\WINDOWS\System32\ADVAPI32.dll
0x00007ffbc8f10000 - 0x00007ffbc8fb8000 	C:\WINDOWS\System32\sechost.dll
0x00007ffbc7930000 - 0x00007ffbc7958000 	C:\WINDOWS\System32\bcrypt.dll
0x00007ffbc7e90000 - 0x00007ffbc7fa5000 	C:\WINDOWS\System32\RPCRT4.dll
0x00007ffbc3d50000 - 0x00007ffbc3d84000 	C:\WINDOWS\SYSTEM32\WINMM.dll
0x00007ffbb32a0000 - 0x00007ffbb32a9000 	C:\WINDOWS\SYSTEM32\WSOCK32.dll
0x00007ffbc0c10000 - 0x00007ffbc0c1a000 	C:\WINDOWS\SYSTEM32\VERSION.dll
0x00007ffbc5da0000 - 0x00007ffbc5ded000 	C:\WINDOWS\SYSTEM32\POWRPROF.dll
0x00007ffbc8340000 - 0x00007ffbc83b1000 	C:\WINDOWS\System32\WS2_32.dll
0x00007ffbc5d80000 - 0x00007ffbc5d93000 	C:\WINDOWS\SYSTEM32\UMPDC.dll
0x00007ffbc6040000 - 0x00007ffbc6058000 	C:\WINDOWS\SYSTEM32\kernel.appcore.dll
0x00007ffbaf270000 - 0x00007ffbaf27a000 	c:\Users\Inspiron_5587G5\.vscode\extensions\redhat.java-1.28.1-win32-x64\jre\17.0.10-win32-x86_64\bin\jimage.dll
0x00007ffbc41f0000 - 0x00007ffbc4423000 	C:\WINDOWS\SYSTEM32\DBGHELP.DLL
0x00007ffbc92f0000 - 0x00007ffbc9678000 	C:\WINDOWS\System32\combase.dll
0x00007ffbc9a30000 - 0x00007ffbc9b07000 	C:\WINDOWS\System32\OLEAUT32.dll
0x00007ffbb2380000 - 0x00007ffbb23b2000 	C:\WINDOWS\SYSTEM32\dbgcore.DLL
0x00007ffbc7330000 - 0x00007ffbc73aa000 	C:\WINDOWS\System32\bcryptPrimitives.dll
0x00007ffbae7a0000 - 0x00007ffbae7ae000 	c:\Users\Inspiron_5587G5\.vscode\extensions\redhat.java-1.28.1-win32-x64\jre\17.0.10-win32-x86_64\bin\instrument.dll
0x00007ffb9b950000 - 0x00007ffb9b975000 	c:\Users\Inspiron_5587G5\.vscode\extensions\redhat.java-1.28.1-win32-x64\jre\17.0.10-win32-x86_64\bin\java.dll
0x00007ffb9bb00000 - 0x00007ffb9bb18000 	c:\Users\Inspiron_5587G5\.vscode\extensions\redhat.java-1.28.1-win32-x64\jre\17.0.10-win32-x86_64\bin\zip.dll
0x00007ffbc83c0000 - 0x00007ffbc8c1c000 	C:\WINDOWS\System32\SHELL32.dll
0x00007ffbc4e70000 - 0x00007ffbc5768000 	C:\WINDOWS\SYSTEM32\windows.storage.dll
0x00007ffbc4d30000 - 0x00007ffbc4e6e000 	C:\WINDOWS\SYSTEM32\wintypes.dll
0x00007ffbc8120000 - 0x00007ffbc8213000 	C:\WINDOWS\System32\SHCORE.dll
0x00007ffbc8c20000 - 0x00007ffbc8c7e000 	C:\WINDOWS\System32\shlwapi.dll
0x00007ffbc6e80000 - 0x00007ffbc6ea6000 	C:\WINDOWS\SYSTEM32\profapi.dll
0x00007ffb8e8d0000 - 0x00007ffb8e8e9000 	C:\Users\Inspiron_5587G5\.vscode\extensions\redhat.java-1.28.1-win32-x64\jre\17.0.10-win32-x86_64\bin\net.dll
0x00007ffbc3720000 - 0x00007ffbc3857000 	C:\WINDOWS\SYSTEM32\WINHTTP.dll
0x00007ffbc64b0000 - 0x00007ffbc6519000 	C:\WINDOWS\system32\mswsock.dll
0x00007ffb8e260000 - 0x00007ffb8e276000 	C:\Users\Inspiron_5587G5\.vscode\extensions\redhat.java-1.28.1-win32-x64\jre\17.0.10-win32-x86_64\bin\nio.dll
0x00007ffba1ac0000 - 0x00007ffba1ad0000 	c:\Users\Inspiron_5587G5\.vscode\extensions\redhat.java-1.28.1-win32-x64\jre\17.0.10-win32-x86_64\bin\verify.dll
0x00007ffb80f20000 - 0x00007ffb80f5e000 	C:\Users\Inspiron_5587G5\AppData\Roaming\Code\User\globalStorage\redhat.java\1.28.1\config_win\org.eclipse.equinox.launcher\org.eclipse.equinox.launcher.win32.win32.x86_64_1.2.900.v20240129-1338\eclipse_11900.dll
0x00007ffbc9890000 - 0x00007ffbc9a2f000 	C:\WINDOWS\System32\ole32.dll
0x00007ffbc6800000 - 0x00007ffbc681b000 	C:\WINDOWS\SYSTEM32\CRYPTSP.dll
0x00007ffbc5fa0000 - 0x00007ffbc5fd5000 	C:\WINDOWS\system32\rsaenh.dll
0x00007ffbc6550000 - 0x00007ffbc657c000 	C:\WINDOWS\SYSTEM32\USERENV.dll
0x00007ffbc67e0000 - 0x00007ffbc67ec000 	C:\WINDOWS\SYSTEM32\CRYPTBASE.dll
0x00007ffbc5a40000 - 0x00007ffbc5a6d000 	C:\WINDOWS\SYSTEM32\IPHLPAPI.DLL
0x00007ffbc9260000 - 0x00007ffbc9269000 	C:\WINDOWS\System32\NSI.dll
0x00007ffbbf670000 - 0x00007ffbbf689000 	C:\WINDOWS\SYSTEM32\dhcpcsvc6.DLL
0x00007ffbbf650000 - 0x00007ffbbf66f000 	C:\WINDOWS\SYSTEM32\dhcpcsvc.DLL
0x00007ffbc5ab0000 - 0x00007ffbc5ba9000 	C:\WINDOWS\SYSTEM32\DNSAPI.dll
0x00007ffb853c0000 - 0x00007ffb85405000 	C:\Users\Inspiron_5587G5\AppData\Local\Temp\jna--179876254\jna11517969228833620744.dll
0x00007ffbc8d50000 - 0x00007ffbc8d58000 	C:\WINDOWS\System32\PSAPI.DLL

dbghelp: loaded successfully - version: 4.0.5 - missing functions: none
symbol engine: initialized successfully - sym options: 0x614 - pdb path: .;c:\Users\Inspiron_5587G5\.vscode\extensions\redhat.java-1.28.1-win32-x64\jre\17.0.10-win32-x86_64\bin;C:\WINDOWS\SYSTEM32;C:\WINDOWS\WinSxS\amd64_microsoft.windows.common-controls_6595b64144ccf1df_6.0.22621.3235_none_270f74e173860f98;c:\Users\Inspiron_5587G5\.vscode\extensions\redhat.java-1.28.1-win32-x64\jre\17.0.10-win32-x86_64\bin\server;C:\Users\Inspiron_5587G5\AppData\Roaming\Code\User\globalStorage\redhat.java\1.28.1\config_win\org.eclipse.equinox.launcher\org.eclipse.equinox.launcher.win32.win32.x86_64_1.2.900.v20240129-1338;C:\Users\Inspiron_5587G5\AppData\Local\Temp\jna--179876254

VM Arguments:
jvm_args: --add-modules=ALL-SYSTEM --add-opens=java.base/java.util=ALL-UNNAMED --add-opens=java.base/java.lang=ALL-UNNAMED --add-opens=java.base/sun.nio.fs=ALL-UNNAMED -Declipse.application=org.eclipse.jdt.ls.core.id1 -Dosgi.bundles.defaultStartLevel=4 -Declipse.product=org.eclipse.jdt.ls.core.product -Djava.import.generatesMetadataFilesAtProjectRoot=false -DDetectVMInstallationsJob.disabled=true -Dfile.encoding=utf8 -XX:+UseParallelGC -XX:GCTimeRatio=4 -XX:AdaptiveSizePolicyWeight=90 -Dsun.zip.disableMemoryMapping=true -Xmx1G -Xms100m -Xlog:disable -javaagent:c:\Users\Inspiron_5587G5\.vscode\extensions\redhat.java-1.28.1-win32-x64\lombok\lombok-1.18.31.jar -XX:+HeapDumpOnOutOfMemoryError -XX:HeapDumpPath=c:\Users\Inspiron_5587G5\AppData\Roaming\Code\User\workspaceStorage\53fd7584042261799ea9d51c0a76b66c\redhat.java -Daether.dependencyCollector.impl=bf 
java_command: c:\Users\Inspiron_5587G5\.vscode\extensions\redhat.java-1.28.1-win32-x64\server\plugins\org.eclipse.equinox.launcher_1.6.700.v20231214-2017.jar -configuration c:\Users\Inspiron_5587G5\AppData\Roaming\Code\User\globalStorage\redhat.java\1.28.1\config_win -data c:\Users\Inspiron_5587G5\AppData\Roaming\Code\User\workspaceStorage\53fd7584042261799ea9d51c0a76b66c\redhat.java\jdt_ws --stdio
java_class_path (initial): c:\Users\Inspiron_5587G5\.vscode\extensions\redhat.java-1.28.1-win32-x64\server\plugins\org.eclipse.equinox.launcher_1.6.700.v20231214-2017.jar
Launcher Type: SUN_STANDARD

[Global flags]
    uintx AdaptiveSizePolicyWeight                 = 90                                        {product} {command line}
     intx CICompilerCount                          = 4                                         {product} {ergonomic}
    uintx GCTimeRatio                              = 4                                         {product} {command line}
     bool HeapDumpOnOutOfMemoryError               = true                                   {manageable} {command line}
    ccstr HeapDumpPath                             = c:\Users\Inspiron_5587G5\AppData\Roaming\Code\User\workspaceStorage\53fd7584042261799ea9d51c0a76b66c\redhat.java         {manageable} {command line}
   size_t InitialHeapSize                          = 104857600                                 {product} {command line}
   size_t MaxHeapSize                              = 1073741824                                {product} {command line}
   size_t MaxNewSize                               = 357564416                                 {product} {ergonomic}
   size_t MinHeapDeltaBytes                        = 524288                                    {product} {ergonomic}
   size_t MinHeapSize                              = 104857600                                 {product} {command line}
   size_t NewSize                                  = 34603008                                  {product} {ergonomic}
    uintx NonNMethodCodeHeapSize                   = 5839372                                {pd product} {ergonomic}
    uintx NonProfiledCodeHeapSize                  = 122909434                              {pd product} {ergonomic}
   size_t OldSize                                  = 70254592                                  {product} {ergonomic}
    uintx ProfiledCodeHeapSize                     = 122909434                              {pd product} {ergonomic}
    uintx ReservedCodeCacheSize                    = 251658240                              {pd product} {ergonomic}
     bool SegmentedCodeCache                       = true                                      {product} {ergonomic}
   size_t SoftMaxHeapSize                          = 1073741824                             {manageable} {ergonomic}
     bool UseCompressedClassPointers               = true                           {product lp64_product} {ergonomic}
     bool UseCompressedOops                        = true                           {product lp64_product} {ergonomic}
     bool UseLargePagesIndividualAllocation        = false                                  {pd product} {ergonomic}
     bool UseParallelGC                            = true                                      {product} {command line}

Logging:
Log output configuration:
 #0: stdout all=off uptime,level,tags
 #1: stderr all=off uptime,level,tags

Environment Variables:
PATH=C:\Users\Inspiron_5587G5\bin;C:\Program Files\Git\mingw64\bin;C:\Program Files\Git\usr\local\bin;C:\Program Files\Git\usr\bin;C:\Program Files\Git\usr\bin;C:\Program Files\Git\mingw64\bin;C:\Program Files\Git\usr\bin;C:\Users\Inspiron_5587G5\bin;C:\xampp\mysql\bin;C:\Python39\Scripts;C:\Python39;C:\Program Files\Common Files\Oracle\Java\javapath;C:\Windows\system32;C:\Windows;C:\Windows\System32\Wbem;C:\Windows\System32\WindowsPowerShell\v1.0;C:\Windows\System32\OpenSSH;C:\Program Files (x86)\NVIDIA Corporation\PhysX\Common;C:\Program Files\NVIDIA Corporation\NVIDIA NvDLISR;C:\Program Files\dotnet;C:\ProgramData\chocolatey\bin;C:\xampp\php;C:\composer;C:\Program Files (x86)\Yarn\bin;C:\WINDOWS\system32;C:\WINDOWS;C:\WINDOWS\System32\Wbem;C:\WINDOWS\System32\WindowsPowerShell\v1.0;C:\WINDOWS\System32\OpenSSH;C:\Program Files\Redis;C:\Program Files\Microsoft SQL Server\Client SDK\ODBC\170\Tools\Binn;C:\Program Files (x86)\Microsoft SQL Server\150\Tools\Binn;C:\Program Files\Microsoft SQL Server\150\Tools\Binn;C:\Program Files\Microsoft SQL Server\150\DTS\Binn;C:\Program Files\Azure Data Studio\bin;C:\Program Files\Microsoft SQL Server\130\Tools\Binn;C:\Program Files\Git\cmd;C:\Program Files (x86)\dotnet;C:\Program Files\PuTTY;C:\instantclient_21_7;C:\Program Files\nodejs;C:\Program Files\Docker\Docker\resources\bin;C:\Program Files\MongoDB\bin;C:\Program Files\Java\jdk-21\bin;%SystemRoot%\system32;%SystemRoot%;%SystemRoot%\System32\Wbem;%SYSTEMROOT%\System32\WindowsPowerShell\v1.0;%SYSTEMROOT%\System32\OpenSSH;C:\Users\Inspiron_5587G5\AppData\Local\Programs\Python\Python310\Scripts;C:\Users\Inspiron_5587G5\AppData\Local\Programs\Python\Python310;C:\Users\Inspiron_5587G5\AppData\Roaming\ActiveState\bin;C:\Program Files (x86)\ActiveState Komodo IDE 12;C:\Windows\system32;C:\Windows;C:\Windows\System32\Wbem;C:\Windows\System32\WindowsPowerShell\v1.0;C:\Windows\System32\OpenSSH;C:\Program Files (x86)\NVIDIA Corporation\PhysX\Common;C:\Program Files\NVIDIA Corporation\NV
USERNAME=Inspiron_5587G5
SHELL=C:\Program Files\Git\usr\bin\bash.exe
DISPLAY=needs-to-be-defined
LC_CTYPE=en_US.UTF-8
TERM=xterm
TMPDIR=C:\Users\INSPIR~1\AppData\Local\Temp
OS=Windows_NT
PROCESSOR_IDENTIFIER=Intel64 Family 6 Model 158 Stepping 10, GenuineIntel
TMP=C:\Users\INSPIR~1\AppData\Local\Temp
TEMP=C:\Users\INSPIR~1\AppData\Local\Temp



Periodic native trim disabled


---------------  S Y S T E M  ---------------

OS:
 Windows 11 , 64 bit Build 22621 (10.0.22621.3235)
OS uptime: 0 days 12:35 hours
Hyper-V role detected

CPU: total 12 (initial active 12) (6 cores per cpu, 2 threads per core) family 6 model 158 stepping 10 microcode 0xde, cx8, cmov, fxsr, ht, mmx, 3dnowpref, sse, sse2, sse3, ssse3, sse4.1, sse4.2, popcnt, lzcnt, tsc, tscinvbit, avx, avx2, aes, erms, clmul, bmi1, bmi2, adx, fma, vzeroupper, clflush, clflushopt, hv
Processor Information for all 12 processors :
  Max Mhz: 2208, Current Mhz: 2208, Mhz Limit: 2208

Memory: 4k page, system-wide physical 16163M (6105M free)
TotalPageFile size 16163M (AvailPageFile size 508M)
current process WorkingSet (physical memory assigned to process): 415M, peak: 456M
current process commit charge ("private bytes"): 916M, peak: 974M

vm_info: OpenJDK 64-Bit Server VM (17.0.10+7) for windows-amd64 JRE (17.0.10+7), built on Jan 16 2024 23:25:11 by "admin" with MS VC++ 16.10 / 16.11 (VS2019)

END.
